<?xml version="1.0" encoding="UTF-8"?>
<testsuite xmlns:xsi="http://www.w3.org/2001/XMLSchema-instance" xsi:noNamespaceSchemaLocation="https://maven.apache.org/surefire/maven-surefire-plugin/xsd/surefire-test-report-3.0.xsd" version="3.0" name="jokenpo.JokenpoTest" time="0.012" tests="4" errors="0" skipped="0" failures="0">
  <properties>
[...]
</properties>
  <testcase name="TesteVJog1" classname="jokenpo.JokenpoTest" time="0.002"/>
  <testcase name="TesteVJog2" classname="jokenpo.JokenpoTest" time="0.002"/>
  <testcase name="TesteEmpate1" classname="jokenpo.JokenpoTest" time="0.002"/>
  <testcase name="TesteEmpate2" classname="jokenpo.JokenpoTest" time="0.001"/>
</testsuite>